<?xml version="1.0" encoding="UTF-8"?>
<testng-results ignored="0" total="2" passed="2" failed="0" skipped="0">
  <reporter-output>
  </reporter-output>
  <suite started-at="2021-05-22T19:52:02 IST" name="Suite" finished-at="2021-05-22T19:52:12 IST" duration-ms="10000">
    <groups>
    </groups>
    <test started-at="2021-05-22T19:52:02 IST" name="TestKarthik" finished-at="2021-05-22T19:52:12 IST" duration-ms="10000">
      <class name="Tutorial.HomePage">
        <test-method signature="basePageNavigation(java.lang.String, java.lang.String)[pri:0, instance:Tutorial.HomePage@4c2bb6e0]" started-at="2021-05-22T19:52:02 IST" name="basePageNavigation" data-provider="getData" finished-at="2021-05-22T19:52:08 IST" duration-ms="5941" status="PASS">
          <params>
            <param index="0">
              <value>
                <![CDATA[user1]]>
              </value>
            </param>
            <param index="1">
              <value>
                <![CDATA[pwd1]]>
              </value>
            </param>
          </params>
          <reporter-output>
          </reporter-output>
        </test-method> <!-- basePageNavigation -->
        <test-method signature="basePageNavigation(java.lang.String, java.lang.String)[pri:0, instance:Tutorial.HomePage@4c2bb6e0]" started-at="2021-05-22T19:52:08 IST" name="basePageNavigation" data-provider="getData" finished-at="2021-05-22T19:52:12 IST" duration-ms="4022" status="PASS">
          <params>
            <param index="0">
              <value>
                <![CDATA[user2]]>
              </value>
            </param>
            <param index="1">
              <value>
                <![CDATA[pwd2]]>
              </value>
            </param>
          </params>
          <reporter-output>
          </reporter-output>
        </test-method> <!-- basePageNavigation -->
      </class> <!-- Tutorial.HomePage -->
    </test> <!-- TestKarthik -->
  </suite> <!-- Suite -->
</testng-results>
